<?xml version="1.0" encoding="UTF-8"?>
<!-- Generated by org.testng.reporters.JUnitReportReporter -->
<testsuite hostname="INLPF2SCXYT" failures="0" tests="1" name="OHRM.Tests.ChromeTest" time="22.401" errors="0" timestamp="2024-01-14T19:07:05 GMT" skipped="0">
  <testcase classname="OHRM.Tests.ChromeTest" name="testGetTitle" time="22.401"/>
</testsuite> <!-- OHRM.Tests.ChromeTest -->
