<?xml version="1.0" encoding="UTF-8"?>
<!-- Generated by org.testng.reporters.JUnitReportReporter -->
<testsuite hostname="INLPF2SCXYT" failures="0" tests="1" name="OHRM.Tests.LoginTest" time="15.618" errors="0" timestamp="2024-01-22T17:11:06 GMT" skipped="0">
  <testcase classname="OHRM.Tests.LoginTest" name="loginTest" time="15.618"/>
</testsuite> <!-- OHRM.Tests.LoginTest -->
