<?xml version="1.0" encoding="UTF-8"?>
<!-- Generated by org.testng.reporters.JUnitReportReporter -->
<testsuite hostname="INLPF2SCXYT" failures="0" tests="1" name="OHRM.Tests.TC01LoginTest" time="19.292" errors="0" timestamp="2024-01-14T20:01:20 GMT" skipped="0">
  <testcase classname="OHRM.Tests.TC01LoginTest" name="loginTest" time="19.292"/>
</testsuite> <!-- OHRM.Tests.TC01LoginTest -->
