<?xml version="1.0" encoding="UTF-8"?>
<!-- Generated by org.testng.reporters.JUnitReportReporter -->
<testsuite hostname="INLPF2SCXYT" failures="0" tests="2" name="Selenium.Selenium.TestNGBasics2" time="0.008" errors="0" timestamp="2024-01-15T08:43:49 GMT" skipped="0">
  <testcase classname="Selenium.Selenium.TestNGBasics2" name="testMethod1" time="0.004"/>
  <testcase classname="Selenium.Selenium.TestNGBasics2" name="testMethod2" time="0.004"/>
</testsuite> <!-- Selenium.Selenium.TestNGBasics2 -->
