<?xml version="1.0" encoding="UTF-8"?>
<!-- Generated by org.testng.reporters.JUnitReportReporter -->
<testsuite hostname="INLPF2SCXYT" failures="0" tests="2" name="Selenium.Selenium.TestNGBasics" time="0.011" errors="0" timestamp="2024-01-05T16:08:10 GMT" skipped="0">
  <testcase classname="Selenium.Selenium.TestNGBasics" name="testMethod1" time="0.009"/>
  <testcase classname="Selenium.Selenium.TestNGBasics" name="testMethod2" time="0.002"/>
</testsuite> <!-- Selenium.Selenium.TestNGBasics -->
